{"contracts/Escrow.sol":{"l":{"16":0,"17":0,"21":2,"22":2,"26":1,"27":1,"31":0,"33":0,"34":0,"36":0,"37":0,"38":0,"40":0,"44":0,"45":0,"49":1,"53":1,"54":1,"58":0},"path":"/Users/danielivanov/work_projects/limepay/codebase/limepay-smart-contracts/contracts/Escrow.sol","s":{"1":0,"2":2,"3":1,"4":1,"5":0,"6":0,"7":0,"8":0,"9":1,"10":1,"11":1,"12":0},"b":{"1":[0,0],"2":[2,0],"3":[0,0],"4":[0,0],"5":[1,0]},"f":{"1":0,"2":2,"3":1,"4":0,"5":0,"6":1,"7":1,"8":0,"9":1},"fnMap":{"1":{"name":"onlyWhiteListed","line":15,"loc":{"start":{"line":15,"column":4},"end":{"line":15,"column":28}}},"2":{"name":"onlyOwner","line":20,"loc":{"start":{"line":20,"column":4},"end":{"line":20,"column":22}}},"3":{"name":null,"line":25,"loc":{"start":{"line":25,"column":4},"end":{"line":25,"column":42}}},"4":{"name":"fundUser","line":30,"loc":{"start":{"line":30,"column":4},"end":{"line":30,"column":90}}},"5":{"name":"withdraw","line":43,"loc":{"start":{"line":43,"column":4},"end":{"line":43,"column":38}}},"6":{"name":"whitelist","line":48,"loc":{"start":{"line":48,"column":4},"end":{"line":48,"column":60}}},"7":{"name":"transferOwnership","line":52,"loc":{"start":{"line":52,"column":4},"end":{"line":52,"column":58}}},"8":{"name":"setTokenAddress","line":57,"loc":{"start":{"line":57,"column":4},"end":{"line":57,"column":67}}},"9":{"name":null,"line":61,"loc":{"start":{"line":61,"column":4},"end":{"line":61,"column":28}}}},"statementMap":{"1":{"start":{"line":16,"column":2},"end":{"line":16,"column":76}},"2":{"start":{"line":21,"column":8},"end":{"line":21,"column":59}},"3":{"start":{"line":26,"column":8},"end":{"line":26,"column":42}},"4":{"start":{"line":27,"column":8},"end":{"line":27,"column":25}},"5":{"start":{"line":31,"column":8},"end":{"line":31,"column":54}},"6":{"start":{"line":33,"column":8},"end":{"line":33,"column":95}},"7":{"start":{"line":34,"column":8},"end":{"line":34,"column":100}},"8":{"start":{"line":40,"column":8},"end":{"line":40,"column":61}},"9":{"start":{"line":49,"column":8},"end":{"line":49,"column":32}},"10":{"start":{"line":53,"column":8},"end":{"line":53,"column":68}},"11":{"start":{"line":54,"column":8},"end":{"line":54,"column":19}},"12":{"start":{"line":58,"column":8},"end":{"line":58,"column":43}}},"branchMap":{"1":{"line":16,"type":"if","locations":[{"start":{"line":16,"column":2},"end":{"line":16,"column":2}},{"start":{"line":16,"column":2},"end":{"line":16,"column":2}}]},"2":{"line":21,"type":"if","locations":[{"start":{"line":21,"column":8},"end":{"line":21,"column":8}},{"start":{"line":21,"column":8},"end":{"line":21,"column":8}}]},"3":{"line":33,"type":"if","locations":[{"start":{"line":33,"column":8},"end":{"line":33,"column":8}},{"start":{"line":33,"column":8},"end":{"line":33,"column":8}}]},"4":{"line":34,"type":"if","locations":[{"start":{"line":34,"column":8},"end":{"line":34,"column":8}},{"start":{"line":34,"column":8},"end":{"line":34,"column":8}}]},"5":{"line":53,"type":"if","locations":[{"start":{"line":53,"column":8},"end":{"line":53,"column":8}},{"start":{"line":53,"column":8},"end":{"line":53,"column":8}}]}}},"contracts/Token.sol":{"l":{"12":1,"13":1,"14":1},"path":"/Users/danielivanov/work_projects/limepay/codebase/limepay-smart-contracts/contracts/Token.sol","s":{"1":1,"2":1,"3":1},"b":{},"f":{"1":1},"fnMap":{"1":{"name":null,"line":11,"loc":{"start":{"line":11,"column":4},"end":{"line":11,"column":22}}}},"statementMap":{"1":{"start":{"line":12,"column":8},"end":{"line":12,"column":36}},"2":{"start":{"line":13,"column":8},"end":{"line":13,"column":44}},"3":{"start":{"line":14,"column":8},"end":{"line":14,"column":54}}},"branchMap":{}}}